<?xml version="1.0" encoding="UTF-8"?>
<!-- Generated by org.testng.reporters.JUnitReportReporter -->
<testsuite hostname="Win10D-02938" failures="0" tests="1" name="API_Tests.Static_Test2" time="6.939" errors="0" timestamp="2022-07-26T08:13:04 IST" skipped="0">
  <testcase classname="API_Tests.Static_Test2" name="test" time="6.939"/>
  <system-out/>
</testsuite> <!-- API_Tests.Static_Test2 -->
