<?xml version="1.0" encoding="UTF-8"?>
<!-- Generated by org.testng.reporters.JUnitReportReporter -->
<testsuite hostname="Win10D-02938" failures="0" tests="3" name="API_Tests.PutPatchDelete" time="4.201" errors="0" timestamp="2022-07-26T08:59:07 IST" skipped="0">
  <testcase classname="API_Tests.PutPatchDelete" name="testDelete" time="3.438"/>
  <system-out/>
  <testcase classname="API_Tests.PutPatchDelete" name="testPatch" time="0.447"/>
  <system-out/>
  <testcase classname="API_Tests.PutPatchDelete" name="testPut" time="0.316"/>
  <system-out/>
</testsuite> <!-- API_Tests.PutPatchDelete -->
