<?xml version="1.0" encoding="UTF-8"?>
<!-- Generated by org.testng.reporters.JUnitReportReporter -->
<testsuite hostname="Win10D-02938" failures="0" tests="2" name="API_Tests.GetAndPost" time="5.054" errors="0" timestamp="2022-07-26T08:48:19 IST" skipped="0">
  <testcase classname="API_Tests.GetAndPost" name="testPost" time="0.390"/>
  <system-out/>
  <testcase classname="API_Tests.GetAndPost" name="testGet" time="4.664"/>
  <system-out/>
</testsuite> <!-- API_Tests.GetAndPost -->
