<?xml version="1.0" encoding="UTF-8"?>
<!-- Generated by org.testng.reporters.JUnitReportReporter -->
<testsuite hostname="Win10D-02938" failures="0" tests="1" name="API_Tests.Intro_Test1" time="3.560" errors="0" timestamp="2022-07-26T07:53:31 IST" skipped="0">
  <testcase classname="API_Tests.Intro_Test1" name="test1" time="3.560"/>
  <system-out/>
</testsuite> <!-- API_Tests.Intro_Test1 -->
